SERVER_HANDSHAKE_TRAFFIC_SECRET 84bcf7026842dddf708ae85babc89e198c543f01d69f76f1f7700d9ea9525434 c2d6b0f98347f0843da4af7ad03c05ab68a6e3278f924c323fa2f8dbcf39b2d6cc6db0eb204b5a9764371e607cfcdc0b
EXPORTER_SECRET 84bcf7026842dddf708ae85babc89e198c543f01d69f76f1f7700d9ea9525434 177705f0659e243f7230f186013edfc1006cbc7c59988af3d23b29d7af3cc195ce65fc347e1904180eb55cbaab6acd3f
SERVER_TRAFFIC_SECRET_0 84bcf7026842dddf708ae85babc89e198c543f01d69f76f1f7700d9ea9525434 1b16ea09eddd83b74181969c41d77e2d85c15397bd271b4ab9dc380cf2d70a72995e4db942aa214b6cace367218cd5a6
CLIENT_HANDSHAKE_TRAFFIC_SECRET 84bcf7026842dddf708ae85babc89e198c543f01d69f76f1f7700d9ea9525434 fe10f2714d671928ad12a441ec24fc14f2f316cc9048b4d236e037d8819d73ec77bda632674a4fc8e1bea570ca78b72b
CLIENT_TRAFFIC_SECRET_0 84bcf7026842dddf708ae85babc89e198c543f01d69f76f1f7700d9ea9525434 815d5b103494a9fb5e9a70c04799b43d539477261a02c5054ba8e9cd28e90a4d1aab2125c4a3e82259ecaf1b603c4ff2
SERVER_HANDSHAKE_TRAFFIC_SECRET 060d73966477e31e5afe20eff53c77fbfb40e38203c2eb551726dbd8c0c9073b 54840b777e0a7b29dfff223972de103a6b08b2a39e7b915482b92e9241f630746b179f7dbdf595dd3b273e6117799829
EXPORTER_SECRET 060d73966477e31e5afe20eff53c77fbfb40e38203c2eb551726dbd8c0c9073b 2b8b17e38e35390b16c1bb47f466ff44afe30ea401a54fc2718921245b055bc0e360db2ff2909712de4c41ae28cbb2ec
SERVER_TRAFFIC_SECRET_0 060d73966477e31e5afe20eff53c77fbfb40e38203c2eb551726dbd8c0c9073b 6786842360eb1158f0ba376c38b00d03b0881b87aacdbd1872ff42d13ed41cd82f9e4e92199bd987fcc53364bdf470a1
CLIENT_HANDSHAKE_TRAFFIC_SECRET 060d73966477e31e5afe20eff53c77fbfb40e38203c2eb551726dbd8c0c9073b 6acbf44915c22cc34b20db2ab20758185ede0e727ad149dd6303cedf7d5681740f89d63332cd4ae0634bdb2f33e31bd7
CLIENT_TRAFFIC_SECRET_0 060d73966477e31e5afe20eff53c77fbfb40e38203c2eb551726dbd8c0c9073b abb12dd2ec0c48671795ad61a92ba837ff6f2d4e51564e7e1980cdec07a090f4468101ecd59f2a0dfb577f8f5ca6bb3e
SERVER_HANDSHAKE_TRAFFIC_SECRET 5f9971e0f2c5fd32ef6cc9d14860f0993705a7826eb0e2b0771b430372e8d289 fd55d527c8557cdf046b1c32ccf998f649bb27673efd1a9869f4c8b5232d72f188a542d822cd2fd7976f3e57b026a34f
EXPORTER_SECRET 5f9971e0f2c5fd32ef6cc9d14860f0993705a7826eb0e2b0771b430372e8d289 d8ad8a86996b5b756a82b2f85ed2a7dc7f4df472ad7c2aaf51d793484f4bedb99a4feebfa63bb62d275019bfbf005c8e
SERVER_TRAFFIC_SECRET_0 5f9971e0f2c5fd32ef6cc9d14860f0993705a7826eb0e2b0771b430372e8d289 44f46746351f399498e9370abf683dd9741a32665a899e4c86a21eab9577483b2714a8610c36d5e056e3dbb91b8e0415
CLIENT_HANDSHAKE_TRAFFIC_SECRET 5f9971e0f2c5fd32ef6cc9d14860f0993705a7826eb0e2b0771b430372e8d289 7a7db9436a7a297ae578c60bd62934990fe2ca458a45d1e0856f18ed223e2a8a305e31adf7721f518fc78f271d238915
CLIENT_TRAFFIC_SECRET_0 5f9971e0f2c5fd32ef6cc9d14860f0993705a7826eb0e2b0771b430372e8d289 72b98e289e9b690adb1a016f6590dc089beb0a18416a378c2d86265fc49205cd8bcb3de194ddbbf9b47cf964be773529
SERVER_HANDSHAKE_TRAFFIC_SECRET 47264d9212a4d4f08b79bf555f73688464af72fea0bc42bdae440141381ef4fd 62473b78c605e2b32590b0870ed0cdb12426dfa0008c668387f2caf1e06c2a8bd045ecded27da68b0903585dfdadecc8
EXPORTER_SECRET 47264d9212a4d4f08b79bf555f73688464af72fea0bc42bdae440141381ef4fd b14ee03385870fb8ba262593a3dac36394d990bdc40752bddc4ecc69cf07044f91a19378719a49f1d1e70673ebc4acae
SERVER_TRAFFIC_SECRET_0 47264d9212a4d4f08b79bf555f73688464af72fea0bc42bdae440141381ef4fd f29db76a421d0c699e7e8d3b1f822b47a9f79cff0a3fba3fb4ac91157d23b964402878ff07f2b2094f42f89c676e291c
CLIENT_HANDSHAKE_TRAFFIC_SECRET 47264d9212a4d4f08b79bf555f73688464af72fea0bc42bdae440141381ef4fd ba74c42434f142f3da572b129302ea72b2e74e0df29bcd03cb79cac01a4dad62af612e434a371be2f3c9aab7ed4416ac
CLIENT_TRAFFIC_SECRET_0 47264d9212a4d4f08b79bf555f73688464af72fea0bc42bdae440141381ef4fd 51da1d2d6b455b93552f2777f12ab09402bcc28ce5bd89d7540726fb9cf8d72e7943f61b0148cf72333698b221ecc620
SERVER_HANDSHAKE_TRAFFIC_SECRET 09e77456e384f97c927ff877d848093db36475754ec0984aef67df1099c7fc8f f124b8e2ecaa000c7512319ce5130f903def1de848956787124a61e6a6e581d5f83cfc048b75a0a7e12d088e452aeb9b
EXPORTER_SECRET 09e77456e384f97c927ff877d848093db36475754ec0984aef67df1099c7fc8f 0ce3619d1bc03fca589f691e8be382b156e25ee9d4a95f12bc38dc35cc3f1200931392eb0bcc2878837b0bfe3d85e918
SERVER_TRAFFIC_SECRET_0 09e77456e384f97c927ff877d848093db36475754ec0984aef67df1099c7fc8f 5099ddc5a58bbc4f82e3a0cc527c0964f41f074d52eca37ec576f92f4d0f0c5133960c03279a7a4ae529fbe9389d14a7
CLIENT_HANDSHAKE_TRAFFIC_SECRET 09e77456e384f97c927ff877d848093db36475754ec0984aef67df1099c7fc8f 88d7429ec7cfdf6dede9f46696bb5136dfd1809f8961e0a1db1898c72a0398385e47b06d5ece7b74eeca53d4bca3ca4b
CLIENT_TRAFFIC_SECRET_0 09e77456e384f97c927ff877d848093db36475754ec0984aef67df1099c7fc8f 61245f84f9f6e37e84c7064b7a07628005640f7cf4d72b5e396ed4e3af21c937c7204f0499b1650747626c588b7ad45b
